{"numFailedTestSuites":0,"numFailedTests":0,"numPassedTestSuites":2,"numPassedTests":8,"numPendingTestSuites":0,"numPendingTests":0,"numRuntimeErrorTestSuites":0,"numTodoTests":0,"numTotalTestSuites":2,"numTotalTests":8,"openHandles":[],"snapshot":{"added":0,"didUpdate":false,"failure":false,"filesAdded":0,"filesRemoved":0,"filesRemovedList":[],"filesUnmatched":0,"filesUpdated":0,"matched":0,"total":0,"unchecked":0,"uncheckedKeysByFile":[],"unmatched":0,"updated":0},"startTime":1776227805511,"success":true,"testResults":[{"assertionResults":[{"ancestorTitles":["BillingService"],"duration":4,"failing":false,"failureDetails":[],"failureMessages":[],"fullName":"BillingService charges base fee only when transactions are under threshold","invocations":1,"location":null,"numPassingAsserts":4,"retryReasons":[],"startAt":1776227805706,"status":"passed","title":"charges base fee only when transactions are under threshold"},{"ancestorTitles":["BillingService"],"duration":1,"failing":false,"failureDetails":[],"failureMessages":[],"fullName":"BillingService charges transaction fee for transactions over threshold","invocations":1,"location":null,"numPassingAsserts":1,"retryReasons":[],"startAt":1776227805710,"status":"passed","title":"charges transaction fee for transactions over threshold"},{"ancestorTitles":["BillingService"],"duration":1,"failing":false,"failureDetails":[],"failureMessages":[],"fullName":"BillingService applies promotional discount within discount window","invocations":1,"location":null,"numPassingAsserts":4,"retryReasons":[],"startAt":1776227805711,"status":"passed","title":"applies promotional discount within discount window"},{"ancestorTitles":["BillingService"],"duration":0,"failing":false,"failureDetails":[],"failureMessages":[],"fullName":"BillingService does not apply discount after discount window expires","invocations":1,"location":null,"numPassingAsserts":2,"retryReasons":[],"startAt":1776227805712,"status":"passed","title":"does not apply discount after discount window expires"},{"ancestorTitles":["BillingService"],"duration":4,"failing":false,"failureDetails":[],"failureMessages":[],"fullName":"BillingService throws NotFoundException for unknown account","invocations":1,"location":null,"numPassingAsserts":1,"retryReasons":[],"startAt":1776227805712,"status":"passed","title":"throws NotFoundException for unknown account"},{"ancestorTitles":["BillingService"],"duration":0,"failing":false,"failureDetails":[],"failureMessages":[],"fullName":"BillingService throws BadRequestException for invalid dates","invocations":1,"location":null,"numPassingAsserts":1,"retryReasons":[],"startAt":1776227805716,"status":"passed","title":"throws BadRequestException for invalid dates"},{"ancestorTitles":["BillingService"],"duration":0,"failing":false,"failureDetails":[],"failureMessages":[],"fullName":"BillingService throws BadRequestException when end date is before start date","invocations":1,"location":null,"numPassingAsserts":1,"retryReasons":[],"startAt":1776227805717,"status":"passed","title":"throws BadRequestException when end date is before start date"}],"endTime":1776227805717,"message":"","name":"/Users/lesegombulumeti/Billing-Application/test/billing.spec.ts","startTime":1776227805607,"status":"passed","summary":""},{"assertionResults":[{"ancestorTitles":["AppController","root"],"duration":1,"failing":false,"failureDetails":[],"failureMessages":[],"fullName":"AppController root should return \"Hello World!\"","invocations":1,"location":null,"numPassingAsserts":1,"retryReasons":[],"startAt":1776227805746,"status":"passed","title":"should return \"Hello World!\""}],"endTime":1776227805747,"message":"","name":"/Users/lesegombulumeti/Billing-Application/src/app.controller.spec.ts","startTime":1776227805720,"status":"passed","summary":""}],"wasInterrupted":false}
