{"numFailedTestSuites":0,"numFailedTests":0,"numPassedTestSuites":2,"numPassedTests":14,"numPendingTestSuites":0,"numPendingTests":0,"numRuntimeErrorTestSuites":0,"numTodoTests":0,"numTotalTestSuites":2,"numTotalTests":14,"openHandles":[],"snapshot":{"added":0,"didUpdate":false,"failure":false,"filesAdded":0,"filesRemoved":0,"filesRemovedList":[],"filesUnmatched":0,"filesUpdated":0,"matched":0,"total":0,"unchecked":0,"uncheckedKeysByFile":[],"unmatched":0,"updated":0},"startTime":1776233915443,"success":true,"testResults":[{"assertionResults":[{"ancestorTitles":["BillingService"],"duration":4,"failing":false,"failureDetails":[],"failureMessages":[],"fullName":"BillingService charges base fee with no transactions and no discount","invocations":1,"location":null,"numPassingAsserts":4,"retryReasons":[],"startAt":1776233915677,"status":"passed","title":"charges base fee with no transactions and no discount"},{"ancestorTitles":["BillingService"],"duration":1,"failing":false,"failureDetails":[],"failureMessages":[],"fullName":"BillingService prorates base fee for a short billing period","invocations":1,"location":null,"numPassingAsserts":1,"retryReasons":[],"startAt":1776233915681,"status":"passed","title":"prorates base fee for a short billing period"},{"ancestorTitles":["BillingService"],"duration":1,"failing":false,"failureDetails":[],"failureMessages":[],"fullName":"BillingService uses the correct monthly fee for the account currency","invocations":1,"location":null,"numPassingAsserts":1,"retryReasons":[],"startAt":1776233915682,"status":"passed","title":"uses the correct monthly fee for the account currency"},{"ancestorTitles":["BillingService"],"duration":0,"failing":false,"failureDetails":[],"failureMessages":[],"fullName":"BillingService charges no transaction fee when count equals threshold","invocations":1,"location":null,"numPassingAsserts":1,"retryReasons":[],"startAt":1776233915683,"status":"passed","title":"charges no transaction fee when count equals threshold"},{"ancestorTitles":["BillingService"],"duration":1,"failing":false,"failureDetails":[],"failureMessages":[],"fullName":"BillingService charges transaction fee only for transactions over threshold","invocations":1,"location":null,"numPassingAsserts":1,"retryReasons":[],"startAt":1776233915683,"status":"passed","title":"charges transaction fee only for transactions over threshold"},{"ancestorTitles":["BillingService"],"duration":0,"failing":false,"failureDetails":[],"failureMessages":[],"fullName":"BillingService charges transaction fee for every excess transaction","invocations":1,"location":null,"numPassingAsserts":1,"retryReasons":[],"startAt":1776233915684,"status":"passed","title":"charges transaction fee for every excess transaction"},{"ancestorTitles":["BillingService"],"duration":1,"failing":false,"failureDetails":[],"failureMessages":[],"fullName":"BillingService applies discount when billing starts within discount window","invocations":1,"location":null,"numPassingAsserts":4,"retryReasons":[],"startAt":1776233915684,"status":"passed","title":"applies discount when billing starts within discount window"},{"ancestorTitles":["BillingService"],"duration":0,"failing":false,"failureDetails":[],"failureMessages":[],"fullName":"BillingService does not apply discount after discount window expires","invocations":1,"location":null,"numPassingAsserts":2,"retryReasons":[],"startAt":1776233915685,"status":"passed","title":"does not apply discount after discount window expires"},{"ancestorTitles":["BillingService"],"duration":0,"failing":false,"failureDetails":[],"failureMessages":[],"fullName":"BillingService applies discount to both base fee and transaction fees","invocations":1,"location":null,"numPassingAsserts":2,"retryReasons":[],"startAt":1776233915685,"status":"passed","title":"applies discount to both base fee and transaction fees"},{"ancestorTitles":["BillingService"],"duration":5,"failing":false,"failureDetails":[],"failureMessages":[],"fullName":"BillingService throws NotFoundException for unknown account","invocations":1,"location":null,"numPassingAsserts":1,"retryReasons":[],"startAt":1776233915686,"status":"passed","title":"throws NotFoundException for unknown account"},{"ancestorTitles":["BillingService"],"duration":1,"failing":false,"failureDetails":[],"failureMessages":[],"fullName":"BillingService throws BadRequestException for invalid date format","invocations":1,"location":null,"numPassingAsserts":1,"retryReasons":[],"startAt":1776233915691,"status":"passed","title":"throws BadRequestException for invalid date format"},{"ancestorTitles":["BillingService"],"duration":0,"failing":false,"failureDetails":[],"failureMessages":[],"fullName":"BillingService throws BadRequestException when end date is before start date","invocations":1,"location":null,"numPassingAsserts":1,"retryReasons":[],"startAt":1776233915692,"status":"passed","title":"throws BadRequestException when end date is before start date"},{"ancestorTitles":["BillingService"],"duration":1,"failing":false,"failureDetails":[],"failureMessages":[],"fullName":"BillingService throws BadRequestException when billing period starts before account creation","invocations":1,"location":null,"numPassingAsserts":1,"retryReasons":[],"startAt":1776233915692,"status":"passed","title":"throws BadRequestException when billing period starts before account creation"}],"endTime":1776233915693,"message":"","name":"/Users/lesegombulumeti/Billing-Application/test/billing.spec.ts","startTime":1776233915541,"status":"passed","summary":""},{"assertionResults":[{"ancestorTitles":["AppController","root"],"duration":1,"failing":false,"failureDetails":[],"failureMessages":[],"fullName":"AppController root should return \"Hello World!\"","invocations":1,"location":null,"numPassingAsserts":1,"retryReasons":[],"startAt":1776233915721,"status":"passed","title":"should return \"Hello World!\""}],"endTime":1776233915722,"message":"","name":"/Users/lesegombulumeti/Billing-Application/src/app.controller.spec.ts","startTime":1776233915696,"status":"passed","summary":""}],"wasInterrupted":false}
